# JRE version: OpenJDK Runtime Environment (21.0.8) (build 21.0.8+-14196175-b1038.72)
# Java VM: OpenJDK 64-Bit Server VM (21.0.8+-14196175-b1038.72, mixed mode, tiered, compressed oops, compressed class ptrs, g1 gc, windows-amd64)
GC Precious Log:
 CardTable entry size: 512
 Card Set container configuration: InlinePtr #cards 5 size 8 Array Of Cards #cards 12 size 40 Howl #buckets 4 coarsen threshold 1843 Howl Bitmap #cards 512 size 80 coarsen threshold 460 Card regions per heap region 1 cards per card region 2048
 CPUs: 4 total, 4 available
 Memory: 3975M
 Large Page Support: Disabled
 NUMA Support: Disabled
 Compressed Oops: Enabled (32-bit)
 Heap Region Size: 1M
 Heap Min Capacity: 8M
 Heap Initial Capacity: 64M
 Heap Max Capacity: 2G
 Pre-touch: Disabled
 Parallel Workers: 4
 Concurrent Workers: 1
 Concurrent Refinement Workers: 4
 Periodic GC: Disabled
Heap:
 garbage-first heap   total 80896K, used 54528K [0x0000000080000000, 0x0000000100000000)
  region size 1024K, 13 young (13312K), 3 survivors (3072K)
 Metaspace       used 62676K, committed 64256K, reserved 1114112K
  class space    used 8729K, committed 9472K, reserved 1048576K
GC Heap History (20 events):
Event: 7.711 GC heap before
{Heap before GC invocations=7 (full 0):
 garbage-first heap   total 65536K, used 53713K [0x0000000080000000, 0x0000000100000000)
  region size 1024K, 35 young (35840K), 4 survivors (4096K)
 Metaspace       used 31269K, committed 31872K, reserved 1114112K
  class space    used 4208K, committed 4480K, reserved 1048576K
}
Event: 7.723 GC heap after
{Heap after GC invocations=8 (full 0):
 garbage-first heap   total 65536K, used 23998K [0x0000000080000000, 0x0000000100000000)
  region size 1024K, 4 young (4096K), 4 survivors (4096K)
 Metaspace       used 31269K, committed 31872K, reserved 1114112K
  class space    used 4208K, committed 4480K, reserved 1048576K
}
Event: 10.288 GC heap before
{Heap before GC invocations=8 (full 0):
 garbage-first heap   total 65536K, used 49598K [0x0000000080000000, 0x0000000100000000)
  region size 1024K, 31 young (31744K), 4 survivors (4096K)
 Metaspace       used 35187K, committed 35968K, reserved 1114112K
  class space    used 4873K, committed 5248K, reserved 1048576K
}
Event: 10.303 GC heap after
{Heap after GC invocations=9 (full 0):
 garbage-first heap   total 65536K, used 25505K [0x0000000080000000, 0x0000000100000000)
  region size 1024K, 4 young (4096K), 4 survivors (4096K)
 Metaspace       used 35187K, committed 35968K, reserved 1114112K
  class space    used 4873K, committed 5248K, reserved 1048576K
}
Event: 11.497 GC heap before
{Heap before GC invocations=10 (full 0):
 garbage-first heap   total 65536K, used 55201K [0x0000000080000000, 0x0000000100000000)
  region size 1024K, 34 young (34816K), 4 survivors (4096K)
 Metaspace       used 41272K, committed 42240K, reserved 1114112K
  class space    used 5736K, committed 6208K, reserved 1048576K
}
Event: 11.514 GC heap after
{Heap after GC invocations=11 (full 0):
 garbage-first heap   total 65536K, used 28432K [0x0000000080000000, 0x0000000100000000)
  region size 1024K, 5 young (5120K), 5 survivors (5120K)
 Metaspace       used 41272K, committed 42240K, reserved 1114112K
  class space    used 5736K, committed 6208K, reserved 1048576K
}
Event: 12.127 GC heap before
{Heap before GC invocations=11 (full 0):
 garbage-first heap   total 65536K, used 54032K [0x0000000080000000, 0x0000000100000000)
  region size 1024K, 31 young (31744K), 5 survivors (5120K)
 Metaspace       used 44008K, committed 44864K, reserved 1114112K
  class space    used 6017K, committed 6400K, reserved 1048576K
}
Event: 12.142 GC heap after
{Heap after GC invocations=12 (full 0):
 garbage-first heap   total 78848K, used 31578K [0x0000000080000000, 0x0000000100000000)
  region size 1024K, 4 young (4096K), 4 survivors (4096K)
 Metaspace       used 44008K, committed 44864K, reserved 1114112K
  class space    used 6017K, committed 6400K, reserved 1048576K
}
Event: 13.656 GC heap before
{Heap before GC invocations=12 (full 0):
 garbage-first heap   total 78848K, used 72538K [0x0000000080000000, 0x0000000100000000)
  region size 1024K, 40 young (40960K), 4 survivors (4096K)
 Metaspace       used 48086K, committed 49152K, reserved 1114112K
  class space    used 6538K, committed 7040K, reserved 1048576K
}
Event: 13.668 GC heap after
{Heap after GC invocations=13 (full 0):
 garbage-first heap   total 80896K, used 33659K [0x0000000080000000, 0x0000000100000000)
  region size 1024K, 4 young (4096K), 4 survivors (4096K)
 Metaspace       used 48086K, committed 49152K, reserved 1114112K
  class space    used 6538K, committed 7040K, reserved 1048576K
}
Event: 14.490 GC heap before
{Heap before GC invocations=13 (full 0):
 garbage-first heap   total 80896K, used 69499K [0x0000000080000000, 0x0000000100000000)
  region size 1024K, 39 young (39936K), 4 survivors (4096K)
 Metaspace       used 52517K, committed 53952K, reserved 1114112K
  class space    used 7288K, committed 8000K, reserved 1048576K
}
Event: 14.503 GC heap after
{Heap after GC invocations=14 (full 0):
 garbage-first heap   total 80896K, used 35679K [0x0000000080000000, 0x0000000100000000)
  region size 1024K, 2 young (2048K), 2 survivors (2048K)
 Metaspace       used 52517K, committed 53952K, reserved 1114112K
  class space    used 7288K, committed 8000K, reserved 1048576K
}
Event: 16.218 GC heap before
{Heap before GC invocations=14 (full 0):
 garbage-first heap   total 80896K, used 73567K [0x0000000080000000, 0x0000000100000000)
  region size 1024K, 37 young (37888K), 2 survivors (2048K)
 Metaspace       used 56040K, committed 57536K, reserved 1114112K
  class space    used 7862K, committed 8576K, reserved 1048576K
}
Event: 16.231 GC heap after
{Heap after GC invocations=15 (full 0):
 garbage-first heap   total 80896K, used 42691K [0x0000000080000000, 0x0000000100000000)
  region size 1024K, 5 young (5120K), 5 survivors (5120K)
 Metaspace       used 56040K, committed 57536K, reserved 1114112K
  class space    used 7862K, committed 8576K, reserved 1048576K
}
Event: 16.462 GC heap before
{Heap before GC invocations=15 (full 0):
 garbage-first heap   total 80896K, used 50883K [0x0000000080000000, 0x0000000100000000)
  region size 1024K, 14 young (14336K), 5 survivors (5120K)
 Metaspace       used 56960K, committed 58432K, reserved 1114112K
  class space    used 7997K, committed 8704K, reserved 1048576K
}
Event: 16.473 GC heap after
{Heap after GC invocations=16 (full 0):
 garbage-first heap   total 80896K, used 44839K [0x0000000080000000, 0x0000000100000000)
  region size 1024K, 2 young (2048K), 2 survivors (2048K)
 Metaspace       used 56960K, committed 58432K, reserved 1114112K
  class space    used 7997K, committed 8704K, reserved 1048576K
}
Event: 16.681 GC heap before
{Heap before GC invocations=17 (full 0):
 garbage-first heap   total 80896K, used 71463K [0x0000000080000000, 0x0000000100000000)
  region size 1024K, 26 young (26624K), 2 survivors (2048K)
 Metaspace       used 57976K, committed 59456K, reserved 1114112K
  class space    used 8038K, committed 8768K, reserved 1048576K
}
Event: 16.684 GC heap after
{Heap after GC invocations=18 (full 0):
 garbage-first heap   total 80896K, used 44030K [0x0000000080000000, 0x0000000100000000)
  region size 1024K, 1 young (1024K), 1 survivors (1024K)
 Metaspace       used 57976K, committed 59456K, reserved 1114112K
  class space    used 8038K, committed 8768K, reserved 1048576K
}
Event: 17.319 GC heap before
{Heap before GC invocations=18 (full 0):
 garbage-first heap   total 80896K, used 69630K [0x0000000080000000, 0x0000000100000000)
  region size 1024K, 27 young (27648K), 1 survivors (1024K)
 Metaspace       used 61243K, committed 62784K, reserved 1114112K
  class space    used 8541K, committed 9280K, reserved 1048576K
}
Event: 17.328 GC heap after
{Heap after GC invocations=19 (full 0):
 garbage-first heap   total 80896K, used 45312K [0x0000000080000000, 0x0000000100000000)
  region size 1024K, 3 young (3072K), 3 survivors (3072K)
 Metaspace       used 61243K, committed 62784K, reserved 1114112K
  class space    used 8541K, committed 9280K, reserved 1048576K
}

