# JRE version: OpenJDK Runtime Environment (21.0.8) (build 21.0.8+-14196175-b1038.72)
# Java VM: OpenJDK 64-Bit Server VM (21.0.8+-14196175-b1038.72, mixed mode, tiered, compressed oops, compressed class ptrs, g1 gc, windows-amd64)
GC Precious Log:
 CardTable entry size: 512
 Card Set container configuration: InlinePtr #cards 5 size 8 Array Of Cards #cards 12 size 40 Howl #buckets 4 coarsen threshold 1843 Howl Bitmap #cards 512 size 80 coarsen threshold 460 Card regions per heap region 1 cards per card region 2048
 CPUs: 4 total, 4 available
 Memory: 3975M
 Large Page Support: Disabled
 NUMA Support: Disabled
 Compressed Oops: Enabled (32-bit)
 Heap Region Size: 1M
 Heap Min Capacity: 8M
 Heap Initial Capacity: 64M
 Heap Max Capacity: 2G
 Pre-touch: Disabled
 Parallel Workers: 4
 Concurrent Workers: 1
 Concurrent Refinement Workers: 4
 Periodic GC: Disabled
Heap:
 garbage-first heap   total 97280K, used 58056K [0x0000000080000000, 0x0000000100000000)
  region size 1024K, 3 young (3072K), 3 survivors (3072K)
 Metaspace       used 79244K, committed 80896K, reserved 1179648K
  class space    used 11049K, committed 11840K, reserved 1048576K
GC Heap History (20 events):
Event: 16.497 GC heap after
{Heap after GC invocations=15 (full 0):
 garbage-first heap   total 79872K, used 42399K [0x0000000080000000, 0x0000000100000000)
  region size 1024K, 5 young (5120K), 5 survivors (5120K)
 Metaspace       used 56015K, committed 57472K, reserved 1114112K
  class space    used 7852K, committed 8512K, reserved 1048576K
}
Event: 17.008 GC heap before
{Heap before GC invocations=15 (full 0):
 garbage-first heap   total 79872K, used 51615K [0x0000000080000000, 0x0000000100000000)
  region size 1024K, 15 young (15360K), 5 survivors (5120K)
 Metaspace       used 56978K, committed 58432K, reserved 1114112K
  class space    used 7993K, committed 8704K, reserved 1048576K
}
Event: 17.021 GC heap after
{Heap after GC invocations=16 (full 0):
 garbage-first heap   total 79872K, used 44564K [0x0000000080000000, 0x0000000100000000)
  region size 1024K, 2 young (2048K), 2 survivors (2048K)
 Metaspace       used 56978K, committed 58432K, reserved 1114112K
  class space    used 7993K, committed 8704K, reserved 1048576K
}
Event: 17.306 GC heap before
{Heap before GC invocations=17 (full 0):
 garbage-first heap   total 79872K, used 70164K [0x0000000080000000, 0x0000000100000000)
  region size 1024K, 25 young (25600K), 2 survivors (2048K)
 Metaspace       used 57947K, committed 59456K, reserved 1114112K
  class space    used 8034K, committed 8768K, reserved 1048576K
}
Event: 17.311 GC heap after
{Heap after GC invocations=18 (full 0):
 garbage-first heap   total 79872K, used 43814K [0x0000000080000000, 0x0000000100000000)
  region size 1024K, 2 young (2048K), 2 survivors (2048K)
 Metaspace       used 57947K, committed 59456K, reserved 1114112K
  class space    used 8034K, committed 8768K, reserved 1048576K
}
Event: 18.298 GC heap before
{Heap before GC invocations=18 (full 0):
 garbage-first heap   total 79872K, used 68390K [0x0000000080000000, 0x0000000100000000)
  region size 1024K, 26 young (26624K), 2 survivors (2048K)
 Metaspace       used 60794K, committed 62272K, reserved 1114112K
  class space    used 8464K, committed 9152K, reserved 1048576K
}
Event: 18.309 GC heap after
{Heap after GC invocations=19 (full 0):
 garbage-first heap   total 79872K, used 45124K [0x0000000080000000, 0x0000000100000000)
  region size 1024K, 3 young (3072K), 3 survivors (3072K)
 Metaspace       used 60794K, committed 62272K, reserved 1114112K
  class space    used 8464K, committed 9152K, reserved 1048576K
}
Event: 19.285 GC heap before
{Heap before GC invocations=19 (full 0):
 garbage-first heap   total 79872K, used 69700K [0x0000000080000000, 0x0000000100000000)
  region size 1024K, 27 young (27648K), 3 survivors (3072K)
 Metaspace       used 64263K, committed 65728K, reserved 1114112K
  class space    used 8973K, committed 9664K, reserved 1048576K
}
Event: 19.298 GC heap after
{Heap after GC invocations=20 (full 0):
 garbage-first heap   total 97280K, used 46625K [0x0000000080000000, 0x0000000100000000)
  region size 1024K, 4 young (4096K), 4 survivors (4096K)
 Metaspace       used 64263K, committed 65728K, reserved 1114112K
  class space    used 8973K, committed 9664K, reserved 1048576K
}
Event: 21.192 GC heap before
{Heap before GC invocations=21 (full 0):
 garbage-first heap   total 97280K, used 84513K [0x0000000080000000, 0x0000000100000000)
  region size 1024K, 41 young (41984K), 4 survivors (4096K)
 Metaspace       used 69163K, committed 70784K, reserved 1114112K
  class space    used 9770K, committed 10560K, reserved 1048576K
}
Event: 21.203 GC heap after
{Heap after GC invocations=22 (full 0):
 garbage-first heap   total 97280K, used 48980K [0x0000000080000000, 0x0000000100000000)
  region size 1024K, 6 young (6144K), 6 survivors (6144K)
 Metaspace       used 69163K, committed 70784K, reserved 1114112K
  class space    used 9770K, committed 10560K, reserved 1048576K
}
Event: 23.002 GC heap before
{Heap before GC invocations=22 (full 0):
 garbage-first heap   total 97280K, used 83796K [0x0000000080000000, 0x0000000100000000)
  region size 1024K, 40 young (40960K), 6 survivors (6144K)
 Metaspace       used 75109K, committed 76800K, reserved 1114112K
  class space    used 10586K, committed 11392K, reserved 1048576K
}
Event: 23.046 GC heap after
{Heap after GC invocations=23 (full 0):
 garbage-first heap   total 97280K, used 50602K [0x0000000080000000, 0x0000000100000000)
  region size 1024K, 5 young (5120K), 5 survivors (5120K)
 Metaspace       used 75109K, committed 76800K, reserved 1114112K
  class space    used 10586K, committed 11392K, reserved 1048576K
}
Event: 26.670 GC heap before
{Heap before GC invocations=23 (full 0):
 garbage-first heap   total 97280K, used 84394K [0x0000000080000000, 0x0000000100000000)
  region size 1024K, 39 young (39936K), 5 survivors (5120K)
 Metaspace       used 78806K, committed 80448K, reserved 1179648K
  class space    used 11046K, committed 11840K, reserved 1048576K
}
Event: 26.714 GC heap after
{Heap after GC invocations=24 (full 0):
 garbage-first heap   total 97280K, used 55891K [0x0000000080000000, 0x0000000100000000)
  region size 1024K, 5 young (5120K), 5 survivors (5120K)
 Metaspace       used 78806K, committed 80448K, reserved 1179648K
  class space    used 11046K, committed 11840K, reserved 1048576K
}
Event: 28.040 GC heap before
{Heap before GC invocations=25 (full 0):
 garbage-first heap   total 97280K, used 84563K [0x0000000080000000, 0x0000000100000000)
  region size 1024K, 34 young (34816K), 5 survivors (5120K)
 Metaspace       used 79029K, committed 80704K, reserved 1179648K
  class space    used 11049K, committed 11840K, reserved 1048576K
}
Event: 28.056 GC heap after
{Heap after GC invocations=26 (full 0):
 garbage-first heap   total 97280K, used 57597K [0x0000000080000000, 0x0000000100000000)
  region size 1024K, 4 young (4096K), 4 survivors (4096K)
 Metaspace       used 79029K, committed 80704K, reserved 1179648K
  class space    used 11049K, committed 11840K, reserved 1048576K
}
Event: 28.901 GC heap before
{Heap before GC invocations=26 (full 0):
 garbage-first heap   total 97280K, used 85245K [0x0000000080000000, 0x0000000100000000)
  region size 1024K, 32 young (32768K), 4 survivors (4096K)
 Metaspace       used 79169K, committed 80832K, reserved 1179648K
  class space    used 11049K, committed 11840K, reserved 1048576K
}
Event: 28.911 GC heap after
{Heap after GC invocations=27 (full 0):
 garbage-first heap   total 97280K, used 57492K [0x0000000080000000, 0x0000000100000000)
  region size 1024K, 4 young (4096K), 4 survivors (4096K)
 Metaspace       used 79169K, committed 80832K, reserved 1179648K
  class space    used 11049K, committed 11840K, reserved 1048576K
}
Event: 30.253 GC heap before
{Heap before GC invocations=27 (full 0):
 garbage-first heap   total 97280K, used 85140K [0x0000000080000000, 0x0000000100000000)
  region size 1024K, 32 young (32768K), 4 survivors (4096K)
 Metaspace       used 79244K, committed 80896K, reserved 1179648K
  class space    used 11049K, committed 11840K, reserved 1048576K
}

